<?xml version="1.0" encoding="UTF-8"?>
<!-- Generated by org.testng.reporters.JUnitXMLReporter -->
<testsuite hostname="LAPTOP-UN8JAF33" ignored="0" name="Default test" tests="3" failures="0" timestamp="10 Jun 2019 16:24:09 GMT" time="0.048" errors="0">
  <testcase name="first" time="0.012" classname="testcases.NewTest"/>
  <testcase name="second" time="0.002" classname="testcases.NewTest"/>
  <testcase name="third" time="0.003" classname="testcases.NewTest"/>
</testsuite> <!-- Default test -->
