<?xml version="1.0" encoding="UTF-8"?>
<testng-results skipped="0" failed="0" ignored="0" total="4" passed="4">
  <reporter-output>
  </reporter-output>
  <suite name="Default suite" duration-ms="57" started-at="2019-06-10T19:49:02Z" finished-at="2019-06-10T19:49:02Z">
    <groups>
    </groups>
    <test name="Default test" duration-ms="57" started-at="2019-06-10T19:49:02Z" finished-at="2019-06-10T19:49:02Z">
      <class name="testcases.NewTest">
        <test-method status="PASS" signature="first()[pri:0, instance:testcases.NewTest@7ca48474]" name="first" duration-ms="15" started-at="2019-06-10T12:49:02Z" finished-at="2019-06-10T12:49:02Z">
          <reporter-output>
          </reporter-output>
        </test-method> <!-- first -->
        <test-method status="PASS" signature="fourth()[pri:0, instance:testcases.NewTest@7ca48474]" name="fourth" duration-ms="0" started-at="2019-06-10T12:49:02Z" finished-at="2019-06-10T12:49:02Z">
          <reporter-output>
          </reporter-output>
        </test-method> <!-- fourth -->
        <test-method status="PASS" signature="second()[pri:0, instance:testcases.NewTest@7ca48474]" name="second" duration-ms="2" started-at="2019-06-10T12:49:02Z" finished-at="2019-06-10T12:49:02Z">
          <reporter-output>
          </reporter-output>
        </test-method> <!-- second -->
        <test-method status="PASS" signature="third()[pri:0, instance:testcases.NewTest@7ca48474]" name="third" duration-ms="2" started-at="2019-06-10T12:49:02Z" finished-at="2019-06-10T12:49:02Z">
          <reporter-output>
          </reporter-output>
        </test-method> <!-- third -->
      </class> <!-- testcases.NewTest -->
    </test> <!-- Default test -->
  </suite> <!-- Default suite -->
</testng-results>
